# JRE version: Java(TM) SE Runtime Environment (21.0.10+8) (build 21.0.10+8-LTS-217)
# Java VM: Java HotSpot(TM) 64-Bit Server VM (21.0.10+8-LTS-217, mixed mode, sharing, tiered, compressed oops, compressed class ptrs, g1 gc, windows-amd64)
GC Precious Log:
 CardTable entry size: 512
 Card Set container configuration: InlinePtr #cards 5 size 8 Array Of Cards #cards 12 size 40 Howl #buckets 4 coarsen threshold 1843 Howl Bitmap #cards 512 size 80 coarsen threshold 460 Card regions per heap region 1 cards per card region 2048
 CPUs: 12 total, 12 available
 Memory: 7916M
 Large Page Support: Disabled
 NUMA Support: Disabled
 Compressed Oops: Enabled (32-bit)
 Heap Region Size: 1M
 Heap Min Capacity: 256M
 Heap Initial Capacity: 256M
 Heap Max Capacity: 512M
 Pre-touch: Disabled
 Parallel Workers: 10
 Concurrent Workers: 3
 Concurrent Refinement Workers: 10
 Periodic GC: Disabled
Heap:
 garbage-first heap   total 262144K, used 129386K [0x00000000e0000000, 0x0000000100000000)
  region size 1024K, 92 young (94208K), 1 survivors (1024K)
 Metaspace       used 46224K, committed 47808K, reserved 393216K
  class space    used 6452K, committed 7232K, reserved 327680K
GC Heap History (14 events):
Event: 1.459 GC heap before
{Heap before GC invocations=0 (full 0):
 garbage-first heap   total 262144K, used 22528K [0x00000000e0000000, 0x0000000100000000)
  region size 1024K, 23 young (23552K), 0 survivors (0K)
 Metaspace       used 923K, committed 1088K, reserved 393216K
  class space    used 70K, committed 128K, reserved 327680K
}
Event: 1.595 GC heap after
{Heap after GC invocations=1 (full 0):
 garbage-first heap   total 262144K, used 1663K [0x00000000e0000000, 0x0000000100000000)
  region size 1024K, 2 young (2048K), 2 survivors (2048K)
 Metaspace       used 923K, committed 1088K, reserved 393216K
  class space    used 70K, committed 128K, reserved 327680K
}
Event: 52.361 GC heap before
{Heap before GC invocations=1 (full 0):
 garbage-first heap   total 262144K, used 40575K [0x00000000e0000000, 0x0000000100000000)
  region size 1024K, 38 young (38912K), 2 survivors (2048K)
 Metaspace       used 4422K, committed 4608K, reserved 393216K
  class space    used 542K, committed 640K, reserved 327680K
}
Event: 52.482 GC heap after
{Heap after GC invocations=2 (full 0):
 garbage-first heap   total 262144K, used 10991K [0x00000000e0000000, 0x0000000100000000)
  region size 1024K, 5 young (5120K), 5 survivors (5120K)
 Metaspace       used 4422K, committed 4608K, reserved 393216K
  class space    used 542K, committed 640K, reserved 327680K
}
Event: 105.999 GC heap before
{Heap before GC invocations=2 (full 0):
 garbage-first heap   total 262144K, used 50927K [0x00000000e0000000, 0x0000000100000000)
  region size 1024K, 42 young (43008K), 5 survivors (5120K)
 Metaspace       used 4493K, committed 4672K, reserved 393216K
  class space    used 542K, committed 640K, reserved 327680K
}
Event: 106.017 GC heap after
{Heap after GC invocations=3 (full 0):
 garbage-first heap   total 262144K, used 16715K [0x00000000e0000000, 0x0000000100000000)
  region size 1024K, 5 young (5120K), 5 survivors (5120K)
 Metaspace       used 4493K, committed 4672K, reserved 393216K
  class space    used 542K, committed 640K, reserved 327680K
}
Event: 203.443 GC heap before
{Heap before GC invocations=3 (full 0):
 garbage-first heap   total 262144K, used 126283K [0x00000000e0000000, 0x0000000100000000)
  region size 1024K, 113 young (115712K), 5 survivors (5120K)
 Metaspace       used 20875K, committed 21504K, reserved 393216K
  class space    used 2926K, committed 3264K, reserved 327680K
}
Event: 203.632 GC heap after
{Heap after GC invocations=4 (full 0):
 garbage-first heap   total 262144K, used 24509K [0x00000000e0000000, 0x0000000100000000)
  region size 1024K, 12 young (12288K), 12 survivors (12288K)
 Metaspace       used 20875K, committed 21504K, reserved 393216K
  class space    used 2926K, committed 3264K, reserved 327680K
}
Event: 237.148 GC heap before
{Heap before GC invocations=5 (full 0):
 garbage-first heap   total 262144K, used 128957K [0x00000000e0000000, 0x0000000100000000)
  region size 1024K, 114 young (116736K), 12 survivors (12288K)
 Metaspace       used 35053K, committed 36096K, reserved 393216K
  class space    used 4701K, committed 5248K, reserved 327680K
}
Event: 237.289 GC heap after
{Heap after GC invocations=6 (full 0):
 garbage-first heap   total 262144K, used 32366K [0x00000000e0000000, 0x0000000100000000)
  region size 1024K, 16 young (16384K), 16 survivors (16384K)
 Metaspace       used 35053K, committed 36096K, reserved 393216K
  class space    used 4701K, committed 5248K, reserved 327680K
}
Event: 243.485 GC heap before
{Heap before GC invocations=6 (full 0):
 garbage-first heap   total 262144K, used 60014K [0x00000000e0000000, 0x0000000100000000)
  region size 1024K, 44 young (45056K), 16 survivors (16384K)
 Metaspace       used 35425K, committed 36416K, reserved 393216K
  class space    used 4758K, committed 5248K, reserved 327680K
}
Event: 243.508 GC heap after
{Heap after GC invocations=7 (full 0):
 garbage-first heap   total 262144K, used 33674K [0x00000000e0000000, 0x0000000100000000)
  region size 1024K, 3 young (3072K), 3 survivors (3072K)
 Metaspace       used 35425K, committed 36416K, reserved 393216K
  class space    used 4758K, committed 5248K, reserved 327680K
}
Event: 244.598 GC heap before
{Heap before GC invocations=7 (full 0):
 garbage-first heap   total 262144K, used 35722K [0x00000000e0000000, 0x0000000100000000)
  region size 1024K, 6 young (6144K), 3 survivors (3072K)
 Metaspace       used 35766K, committed 36736K, reserved 393216K
  class space    used 4817K, committed 5312K, reserved 327680K
}
Event: 244.603 GC heap after
{Heap after GC invocations=8 (full 0):
 garbage-first heap   total 262144K, used 32106K [0x00000000e0000000, 0x0000000100000000)
  region size 1024K, 1 young (1024K), 1 survivors (1024K)
 Metaspace       used 35766K, committed 36736K, reserved 393216K
  class space    used 4817K, committed 5312K, reserved 327680K
}

