# JRE version: Java(TM) SE Runtime Environment (21.0.10+8) (build 21.0.10+8-LTS-217)
# Java VM: Java HotSpot(TM) 64-Bit Server VM (21.0.10+8-LTS-217, mixed mode, sharing, tiered, compressed oops, compressed class ptrs, g1 gc, windows-amd64)
GC Precious Log:
 CardTable entry size: 512
 Card Set container configuration: InlinePtr #cards 5 size 8 Array Of Cards #cards 12 size 40 Howl #buckets 4 coarsen threshold 1843 Howl Bitmap #cards 512 size 80 coarsen threshold 460 Card regions per heap region 1 cards per card region 2048
 CPUs: 12 total, 12 available
 Memory: 7916M
 Large Page Support: Disabled
 NUMA Support: Disabled
 Compressed Oops: Enabled (32-bit)
 Heap Region Size: 1M
 Heap Min Capacity: 256M
 Heap Initial Capacity: 256M
 Heap Max Capacity: 512M
 Pre-touch: Disabled
 Parallel Workers: 10
 Concurrent Workers: 3
 Concurrent Refinement Workers: 10
 Periodic GC: Disabled
Heap:
 garbage-first heap   total 262144K, used 165172K [0x00000000e0000000, 0x0000000100000000)
  region size 1024K, 128 young (131072K), 1 survivors (1024K)
 Metaspace       used 46809K, committed 48448K, reserved 393216K
  class space    used 6495K, committed 7296K, reserved 327680K
GC Heap History (14 events):
Event: 12.166 GC heap before
{Heap before GC invocations=0 (full 0):
 garbage-first heap   total 262144K, used 23552K [0x00000000e0000000, 0x0000000100000000)
  region size 1024K, 23 young (23552K), 0 survivors (0K)
 Metaspace       used 918K, committed 1088K, reserved 393216K
  class space    used 70K, committed 128K, reserved 327680K
}
Event: 12.464 GC heap after
{Heap after GC invocations=1 (full 0):
 garbage-first heap   total 262144K, used 1663K [0x00000000e0000000, 0x0000000100000000)
  region size 1024K, 2 young (2048K), 2 survivors (2048K)
 Metaspace       used 918K, committed 1088K, reserved 393216K
  class space    used 70K, committed 128K, reserved 327680K
}
Event: 50.514 GC heap before
{Heap before GC invocations=1 (full 0):
 garbage-first heap   total 262144K, used 40575K [0x00000000e0000000, 0x0000000100000000)
  region size 1024K, 38 young (38912K), 2 survivors (2048K)
 Metaspace       used 4396K, committed 4608K, reserved 393216K
  class space    used 540K, committed 640K, reserved 327680K
}
Event: 50.637 GC heap after
{Heap after GC invocations=2 (full 0):
 garbage-first heap   total 262144K, used 10767K [0x00000000e0000000, 0x0000000100000000)
  region size 1024K, 5 young (5120K), 5 survivors (5120K)
 Metaspace       used 4396K, committed 4608K, reserved 393216K
  class space    used 540K, committed 640K, reserved 327680K
}
Event: 86.429 GC heap before
{Heap before GC invocations=2 (full 0):
 garbage-first heap   total 262144K, used 51727K [0x00000000e0000000, 0x0000000100000000)
  region size 1024K, 43 young (44032K), 5 survivors (5120K)
 Metaspace       used 4468K, committed 4672K, reserved 393216K
  class space    used 540K, committed 640K, reserved 327680K
}
Event: 86.464 GC heap after
{Heap after GC invocations=3 (full 0):
 garbage-first heap   total 262144K, used 16250K [0x00000000e0000000, 0x0000000100000000)
  region size 1024K, 5 young (5120K), 5 survivors (5120K)
 Metaspace       used 4468K, committed 4672K, reserved 393216K
  class space    used 540K, committed 640K, reserved 327680K
}
Event: 181.850 GC heap before
{Heap before GC invocations=3 (full 0):
 garbage-first heap   total 262144K, used 121722K [0x00000000e0000000, 0x0000000100000000)
  region size 1024K, 109 young (111616K), 5 survivors (5120K)
 Metaspace       used 20850K, committed 21504K, reserved 393216K
  class space    used 2945K, committed 3264K, reserved 327680K
}
Event: 182.072 GC heap after
{Heap after GC invocations=4 (full 0):
 garbage-first heap   total 262144K, used 24311K [0x00000000e0000000, 0x0000000100000000)
  region size 1024K, 12 young (12288K), 12 survivors (12288K)
 Metaspace       used 20850K, committed 21504K, reserved 393216K
  class space    used 2945K, committed 3264K, reserved 327680K
}
Event: 240.490 GC heap before
{Heap before GC invocations=5 (full 0):
 garbage-first heap   total 262144K, used 148215K [0x00000000e0000000, 0x0000000100000000)
  region size 1024K, 135 young (138240K), 12 survivors (12288K)
 Metaspace       used 34946K, committed 35968K, reserved 393216K
  class space    used 4761K, committed 5312K, reserved 327680K
}
Event: 240.681 GC heap after
{Heap after GC invocations=6 (full 0):
 garbage-first heap   total 262144K, used 32824K [0x00000000e0000000, 0x0000000100000000)
  region size 1024K, 17 young (17408K), 17 survivors (17408K)
 Metaspace       used 34946K, committed 35968K, reserved 393216K
  class space    used 4761K, committed 5312K, reserved 327680K
}
Event: 240.832 GC heap before
{Heap before GC invocations=6 (full 0):
 garbage-first heap   total 262144K, used 34872K [0x00000000e0000000, 0x0000000100000000)
  region size 1024K, 19 young (19456K), 17 survivors (17408K)
 Metaspace       used 35273K, committed 36288K, reserved 393216K
  class space    used 4766K, committed 5312K, reserved 327680K
}
Event: 240.846 GC heap after
{Heap after GC invocations=7 (full 0):
 garbage-first heap   total 262144K, used 33510K [0x00000000e0000000, 0x0000000100000000)
  region size 1024K, 2 young (2048K), 2 survivors (2048K)
 Metaspace       used 35273K, committed 36288K, reserved 393216K
  class space    used 4766K, committed 5312K, reserved 327680K
}
Event: 240.960 GC heap before
{Heap before GC invocations=7 (full 0):
 garbage-first heap   total 262144K, used 33510K [0x00000000e0000000, 0x0000000100000000)
  region size 1024K, 3 young (3072K), 2 survivors (2048K)
 Metaspace       used 35593K, committed 36608K, reserved 393216K
  class space    used 4766K, committed 5312K, reserved 327680K
}
Event: 240.967 GC heap after
{Heap after GC invocations=8 (full 0):
 garbage-first heap   total 262144K, used 32052K [0x00000000e0000000, 0x0000000100000000)
  region size 1024K, 1 young (1024K), 1 survivors (1024K)
 Metaspace       used 35593K, committed 36608K, reserved 393216K
  class space    used 4766K, committed 5312K, reserved 327680K
}

