# JRE version: Java(TM) SE Runtime Environment (21.0.10+8) (build 21.0.10+8-LTS-217)
# Java VM: Java HotSpot(TM) 64-Bit Server VM (21.0.10+8-LTS-217, mixed mode, sharing, tiered, compressed oops, compressed class ptrs, g1 gc, windows-amd64)
GC Precious Log:
 CardTable entry size: 512
 Card Set container configuration: InlinePtr #cards 5 size 8 Array Of Cards #cards 12 size 40 Howl #buckets 4 coarsen threshold 1843 Howl Bitmap #cards 512 size 80 coarsen threshold 460 Card regions per heap region 1 cards per card region 2048
 CPUs: 12 total, 12 available
 Memory: 7916M
 Large Page Support: Disabled
 NUMA Support: Disabled
 Compressed Oops: Enabled (32-bit)
 Heap Region Size: 1M
 Heap Min Capacity: 256M
 Heap Initial Capacity: 256M
 Heap Max Capacity: 512M
 Pre-touch: Disabled
 Parallel Workers: 10
 Concurrent Workers: 3
 Concurrent Refinement Workers: 10
 Periodic GC: Disabled
Heap:
 garbage-first heap   total 262144K, used 84345K [0x00000000e0000000, 0x0000000100000000)
  region size 1024K, 68 young (69632K), 16 survivors (16384K)
 Metaspace       used 40684K, committed 42176K, reserved 393216K
  class space    used 5685K, committed 6464K, reserved 327680K
GC Heap History (12 events):
Event: 12.701 GC heap before
{Heap before GC invocations=0 (full 0):
 garbage-first heap   total 262144K, used 22528K [0x00000000e0000000, 0x0000000100000000)
  region size 1024K, 23 young (23552K), 0 survivors (0K)
 Metaspace       used 937K, committed 1088K, reserved 393216K
  class space    used 70K, committed 128K, reserved 327680K
}
Event: 13.752 GC heap after
{Heap after GC invocations=1 (full 0):
 garbage-first heap   total 262144K, used 1663K [0x00000000e0000000, 0x0000000100000000)
  region size 1024K, 2 young (2048K), 2 survivors (2048K)
 Metaspace       used 937K, committed 1088K, reserved 393216K
  class space    used 70K, committed 128K, reserved 327680K
}
Event: 48.614 GC heap before
{Heap before GC invocations=1 (full 0):
 garbage-first heap   total 262144K, used 40575K [0x00000000e0000000, 0x0000000100000000)
  region size 1024K, 38 young (38912K), 2 survivors (2048K)
 Metaspace       used 4426K, committed 4608K, reserved 393216K
  class space    used 540K, committed 640K, reserved 327680K
}
Event: 48.646 GC heap after
{Heap after GC invocations=2 (full 0):
 garbage-first heap   total 262144K, used 10737K [0x00000000e0000000, 0x0000000100000000)
  region size 1024K, 5 young (5120K), 5 survivors (5120K)
 Metaspace       used 4426K, committed 4608K, reserved 393216K
  class space    used 540K, committed 640K, reserved 327680K
}
Event: 88.165 GC heap before
{Heap before GC invocations=2 (full 0):
 garbage-first heap   total 262144K, used 59889K [0x00000000e0000000, 0x0000000100000000)
  region size 1024K, 51 young (52224K), 5 survivors (5120K)
 Metaspace       used 4902K, committed 5056K, reserved 393216K
  class space    used 615K, committed 704K, reserved 327680K
}
Event: 88.356 GC heap after
{Heap after GC invocations=3 (full 0):
 garbage-first heap   total 262144K, used 16204K [0x00000000e0000000, 0x0000000100000000)
  region size 1024K, 5 young (5120K), 5 survivors (5120K)
 Metaspace       used 4902K, committed 5056K, reserved 393216K
  class space    used 615K, committed 704K, reserved 327680K
}
Event: 142.392 GC heap before
{Heap before GC invocations=3 (full 0):
 garbage-first heap   total 262144K, used 70476K [0x00000000e0000000, 0x0000000100000000)
  region size 1024K, 58 young (59392K), 5 survivors (5120K)
 Metaspace       used 15454K, committed 15936K, reserved 393216K
  class space    used 2052K, committed 2304K, reserved 327680K
}
Event: 142.641 GC heap after
{Heap after GC invocations=4 (full 0):
 garbage-first heap   total 262144K, used 21325K [0x00000000e0000000, 0x0000000100000000)
  region size 1024K, 5 young (5120K), 5 survivors (5120K)
 Metaspace       used 15454K, committed 15936K, reserved 393216K
  class space    used 2052K, committed 2304K, reserved 327680K
}
Event: 158.995 GC heap before
{Heap before GC invocations=4 (full 0):
 garbage-first heap   total 262144K, used 63309K [0x00000000e0000000, 0x0000000100000000)
  region size 1024K, 47 young (48128K), 5 survivors (5120K)
 Metaspace       used 20858K, committed 21504K, reserved 393216K
  class space    used 2954K, committed 3264K, reserved 327680K
}
Event: 159.010 GC heap after
{Heap after GC invocations=5 (full 0):
 garbage-first heap   total 262144K, used 24646K [0x00000000e0000000, 0x0000000100000000)
  region size 1024K, 9 young (9216K), 9 survivors (9216K)
 Metaspace       used 20858K, committed 21504K, reserved 393216K
  class space    used 2954K, committed 3264K, reserved 327680K
}
Event: 204.295 GC heap before
{Heap before GC invocations=6 (full 0):
 garbage-first heap   total 262144K, used 153670K [0x00000000e0000000, 0x0000000100000000)
  region size 1024K, 135 young (138240K), 9 survivors (9216K)
 Metaspace       used 34904K, committed 35968K, reserved 393216K
  class space    used 4711K, committed 5248K, reserved 327680K
}
Event: 204.405 GC heap after
{Heap after GC invocations=7 (full 0):
 garbage-first heap   total 262144K, used 32121K [0x00000000e0000000, 0x0000000100000000)
  region size 1024K, 16 young (16384K), 16 survivors (16384K)
 Metaspace       used 34904K, committed 35968K, reserved 393216K
  class space    used 4711K, committed 5248K, reserved 327680K
}

