# JRE version: Java(TM) SE Runtime Environment (21.0.10+8) (build 21.0.10+8-LTS-217)
# Java VM: Java HotSpot(TM) 64-Bit Server VM (21.0.10+8-LTS-217, mixed mode, sharing, tiered, compressed oops, compressed class ptrs, g1 gc, windows-amd64)
GC Precious Log:
 CardTable entry size: 512
 Card Set container configuration: InlinePtr #cards 5 size 8 Array Of Cards #cards 12 size 40 Howl #buckets 4 coarsen threshold 1843 Howl Bitmap #cards 512 size 80 coarsen threshold 460 Card regions per heap region 1 cards per card region 2048
 CPUs: 12 total, 12 available
 Memory: 7916M
 Large Page Support: Disabled
 NUMA Support: Disabled
 Compressed Oops: Enabled (32-bit)
 Heap Region Size: 1M
 Heap Min Capacity: 256M
 Heap Initial Capacity: 256M
 Heap Max Capacity: 512M
 Pre-touch: Disabled
 Parallel Workers: 10
 Concurrent Workers: 3
 Concurrent Refinement Workers: 10
 Periodic GC: Disabled
Heap:
 garbage-first heap   total 262144K, used 154638K [0x00000000e0000000, 0x0000000100000000)
  region size 1024K, 124 young (126976K), 8 survivors (8192K)
 Metaspace       used 48572K, committed 50304K, reserved 393216K
  class space    used 6834K, committed 7680K, reserved 327680K
GC Heap History (14 events):
Event: 1.119 GC heap before
{Heap before GC invocations=0 (full 0):
 garbage-first heap   total 262144K, used 23552K [0x00000000e0000000, 0x0000000100000000)
  region size 1024K, 23 young (23552K), 0 survivors (0K)
 Metaspace       used 911K, committed 1024K, reserved 393216K
  class space    used 70K, committed 128K, reserved 327680K
}
Event: 1.150 GC heap after
{Heap after GC invocations=1 (full 0):
 garbage-first heap   total 262144K, used 1626K [0x00000000e0000000, 0x0000000100000000)
  region size 1024K, 2 young (2048K), 2 survivors (2048K)
 Metaspace       used 911K, committed 1024K, reserved 393216K
  class space    used 70K, committed 128K, reserved 327680K
}
Event: 36.269 GC heap before
{Heap before GC invocations=1 (full 0):
 garbage-first heap   total 262144K, used 40538K [0x00000000e0000000, 0x0000000100000000)
  region size 1024K, 38 young (38912K), 2 survivors (2048K)
 Metaspace       used 4429K, committed 4608K, reserved 393216K
  class space    used 541K, committed 640K, reserved 327680K
}
Event: 36.299 GC heap after
{Heap after GC invocations=2 (full 0):
 garbage-first heap   total 262144K, used 11197K [0x00000000e0000000, 0x0000000100000000)
  region size 1024K, 5 young (5120K), 5 survivors (5120K)
 Metaspace       used 4429K, committed 4608K, reserved 393216K
  class space    used 541K, committed 640K, reserved 327680K
}
Event: 128.296 GC heap before
{Heap before GC invocations=2 (full 0):
 garbage-first heap   total 262144K, used 64445K [0x00000000e0000000, 0x0000000100000000)
  region size 1024K, 56 young (57344K), 5 survivors (5120K)
 Metaspace       used 5657K, committed 5824K, reserved 393216K
  class space    used 743K, committed 832K, reserved 327680K
}
Event: 128.334 GC heap after
{Heap after GC invocations=3 (full 0):
 garbage-first heap   total 262144K, used 17093K [0x00000000e0000000, 0x0000000100000000)
  region size 1024K, 5 young (5120K), 5 survivors (5120K)
 Metaspace       used 5657K, committed 5824K, reserved 393216K
  class space    used 743K, committed 832K, reserved 327680K
}
Event: 245.656 GC heap before
{Heap before GC invocations=3 (full 0):
 garbage-first heap   total 262144K, used 111301K [0x00000000e0000000, 0x0000000100000000)
  region size 1024K, 98 young (100352K), 5 survivors (5120K)
 Metaspace       used 20880K, committed 21504K, reserved 393216K
  class space    used 2947K, committed 3264K, reserved 327680K
}
Event: 246.014 GC heap after
{Heap after GC invocations=4 (full 0):
 garbage-first heap   total 262144K, used 24206K [0x00000000e0000000, 0x0000000100000000)
  region size 1024K, 12 young (12288K), 12 survivors (12288K)
 Metaspace       used 20880K, committed 21504K, reserved 393216K
  class space    used 2947K, committed 3264K, reserved 327680K
}
Event: 276.032 GC heap before
{Heap before GC invocations=5 (full 0):
 garbage-first heap   total 262144K, used 129678K [0x00000000e0000000, 0x0000000100000000)
  region size 1024K, 114 young (116736K), 12 survivors (12288K)
 Metaspace       used 34614K, committed 35712K, reserved 393216K
  class space    used 4678K, committed 5248K, reserved 327680K
}
Event: 276.105 GC heap after
{Heap after GC invocations=6 (full 0):
 garbage-first heap   total 262144K, used 32085K [0x00000000e0000000, 0x0000000100000000)
  region size 1024K, 15 young (15360K), 15 survivors (15360K)
 Metaspace       used 34614K, committed 35712K, reserved 393216K
  class space    used 4678K, committed 5248K, reserved 327680K
}
Event: 281.412 GC heap before
{Heap before GC invocations=6 (full 0):
 garbage-first heap   total 262144K, used 52565K [0x00000000e0000000, 0x0000000100000000)
  region size 1024K, 36 young (36864K), 15 survivors (15360K)
 Metaspace       used 34815K, committed 35968K, reserved 393216K
  class space    used 4713K, committed 5248K, reserved 327680K
}
Event: 281.440 GC heap after
{Heap after GC invocations=7 (full 0):
 garbage-first heap   total 262144K, used 31822K [0x00000000e0000000, 0x0000000100000000)
  region size 1024K, 8 young (8192K), 8 survivors (8192K)
 Metaspace       used 34815K, committed 35968K, reserved 393216K
  class space    used 4713K, committed 5248K, reserved 327680K
}
Event: 285.465 GC heap before
{Heap before GC invocations=7 (full 0):
 garbage-first heap   total 262144K, used 34894K [0x00000000e0000000, 0x0000000100000000)
  region size 1024K, 12 young (12288K), 8 survivors (8192K)
 Metaspace       used 35220K, committed 36288K, reserved 393216K
  class space    used 4780K, committed 5312K, reserved 327680K
}
Event: 285.480 GC heap after
{Heap after GC invocations=8 (full 0):
 garbage-first heap   total 262144K, used 31758K [0x00000000e0000000, 0x0000000100000000)
  region size 1024K, 8 young (8192K), 8 survivors (8192K)
 Metaspace       used 35220K, committed 36288K, reserved 393216K
  class space    used 4780K, committed 5312K, reserved 327680K
}

