# JRE version: Java(TM) SE Runtime Environment (21.0.10+8) (build 21.0.10+8-LTS-217)
# Java VM: Java HotSpot(TM) 64-Bit Server VM (21.0.10+8-LTS-217, mixed mode, sharing, tiered, compressed oops, compressed class ptrs, g1 gc, windows-amd64)
GC Precious Log:
 CardTable entry size: 512
 Card Set container configuration: InlinePtr #cards 5 size 8 Array Of Cards #cards 12 size 40 Howl #buckets 4 coarsen threshold 1843 Howl Bitmap #cards 512 size 80 coarsen threshold 460 Card regions per heap region 1 cards per card region 2048
 CPUs: 12 total, 12 available
 Memory: 7916M
 Large Page Support: Disabled
 NUMA Support: Disabled
 Compressed Oops: Enabled (32-bit)
 Heap Region Size: 1M
 Heap Min Capacity: 256M
 Heap Initial Capacity: 256M
 Heap Max Capacity: 512M
 Pre-touch: Disabled
 Parallel Workers: 10
 Concurrent Workers: 3
 Concurrent Refinement Workers: 10
 Periodic GC: Disabled
Heap:
 garbage-first heap   total 262144K, used 117868K [0x00000000e0000000, 0x0000000100000000)
  region size 1024K, 91 young (93184K), 8 survivors (8192K)
 Metaspace       used 43654K, committed 45248K, reserved 393216K
  class space    used 6168K, committed 6976K, reserved 327680K
GC Heap History (14 events):
Event: 10.562 GC heap before
{Heap before GC invocations=0 (full 0):
 garbage-first heap   total 262144K, used 23552K [0x00000000e0000000, 0x0000000100000000)
  region size 1024K, 23 young (23552K), 0 survivors (0K)
 Metaspace       used 943K, committed 1088K, reserved 393216K
  class space    used 70K, committed 128K, reserved 327680K
}
Event: 11.749 GC heap after
{Heap after GC invocations=1 (full 0):
 garbage-first heap   total 262144K, used 1663K [0x00000000e0000000, 0x0000000100000000)
  region size 1024K, 2 young (2048K), 2 survivors (2048K)
 Metaspace       used 943K, committed 1088K, reserved 393216K
  class space    used 70K, committed 128K, reserved 327680K
}
Event: 34.335 GC heap before
{Heap before GC invocations=1 (full 0):
 garbage-first heap   total 262144K, used 41599K [0x00000000e0000000, 0x0000000100000000)
  region size 1024K, 38 young (38912K), 2 survivors (2048K)
 Metaspace       used 4429K, committed 4608K, reserved 393216K
  class space    used 539K, committed 640K, reserved 327680K
}
Event: 34.350 GC heap after
{Heap after GC invocations=2 (full 0):
 garbage-first heap   total 262144K, used 10735K [0x00000000e0000000, 0x0000000100000000)
  region size 1024K, 5 young (5120K), 5 survivors (5120K)
 Metaspace       used 4429K, committed 4608K, reserved 393216K
  class space    used 539K, committed 640K, reserved 327680K
}
Event: 76.024 GC heap before
{Heap before GC invocations=2 (full 0):
 garbage-first heap   total 262144K, used 59887K [0x00000000e0000000, 0x0000000100000000)
  region size 1024K, 52 young (53248K), 5 survivors (5120K)
 Metaspace       used 5080K, committed 5312K, reserved 393216K
  class space    used 643K, committed 768K, reserved 327680K
}
Event: 76.066 GC heap after
{Heap after GC invocations=3 (full 0):
 garbage-first heap   total 262144K, used 16720K [0x00000000e0000000, 0x0000000100000000)
  region size 1024K, 5 young (5120K), 5 survivors (5120K)
 Metaspace       used 5080K, committed 5312K, reserved 393216K
  class space    used 643K, committed 768K, reserved 327680K
}
Event: 153.893 GC heap before
{Heap before GC invocations=3 (full 0):
 garbage-first heap   total 262144K, used 111952K [0x00000000e0000000, 0x0000000100000000)
  region size 1024K, 99 young (101376K), 5 survivors (5120K)
 Metaspace       used 20879K, committed 21504K, reserved 393216K
  class space    used 2950K, committed 3264K, reserved 327680K
}
Event: 154.104 GC heap after
{Heap after GC invocations=4 (full 0):
 garbage-first heap   total 262144K, used 24097K [0x00000000e0000000, 0x0000000100000000)
  region size 1024K, 12 young (12288K), 12 survivors (12288K)
 Metaspace       used 20879K, committed 21504K, reserved 393216K
  class space    used 2950K, committed 3264K, reserved 327680K
}
Event: 179.062 GC heap before
{Heap before GC invocations=5 (full 0):
 garbage-first heap   total 262144K, used 135713K [0x00000000e0000000, 0x0000000100000000)
  region size 1024K, 120 young (122880K), 12 survivors (12288K)
 Metaspace       used 34740K, committed 35904K, reserved 393216K
  class space    used 4681K, committed 5248K, reserved 327680K
}
Event: 179.123 GC heap after
{Heap after GC invocations=6 (full 0):
 garbage-first heap   total 262144K, used 31733K [0x00000000e0000000, 0x0000000100000000)
  region size 1024K, 15 young (15360K), 15 survivors (15360K)
 Metaspace       used 34740K, committed 35904K, reserved 393216K
  class space    used 4681K, committed 5248K, reserved 327680K
}
Event: 180.305 GC heap before
{Heap before GC invocations=6 (full 0):
 garbage-first heap   total 262144K, used 49141K [0x00000000e0000000, 0x0000000100000000)
  region size 1024K, 33 young (33792K), 15 survivors (15360K)
 Metaspace       used 34893K, committed 35968K, reserved 393216K
  class space    used 4706K, committed 5248K, reserved 327680K
}
Event: 180.374 GC heap after
{Heap after GC invocations=7 (full 0):
 garbage-first heap   total 262144K, used 32016K [0x00000000e0000000, 0x0000000100000000)
  region size 1024K, 8 young (8192K), 8 survivors (8192K)
 Metaspace       used 34893K, committed 35968K, reserved 393216K
  class space    used 4706K, committed 5248K, reserved 327680K
}
Event: 180.918 GC heap before
{Heap before GC invocations=7 (full 0):
 garbage-first heap   total 262144K, used 34064K [0x00000000e0000000, 0x0000000100000000)
  region size 1024K, 11 young (11264K), 8 survivors (8192K)
 Metaspace       used 35202K, committed 36288K, reserved 393216K
  class space    used 4756K, committed 5312K, reserved 327680K
}
Event: 180.931 GC heap after
{Heap after GC invocations=8 (full 0):
 garbage-first heap   total 262144K, used 31852K [0x00000000e0000000, 0x0000000100000000)
  region size 1024K, 8 young (8192K), 8 survivors (8192K)
 Metaspace       used 35202K, committed 36288K, reserved 393216K
  class space    used 4756K, committed 5312K, reserved 327680K
}

