# JRE version: Java(TM) SE Runtime Environment (21.0.10+8) (build 21.0.10+8-LTS-217)
# Java VM: Java HotSpot(TM) 64-Bit Server VM (21.0.10+8-LTS-217, mixed mode, sharing, tiered, compressed oops, compressed class ptrs, g1 gc, windows-amd64)
GC Precious Log:
 CardTable entry size: 512
 Card Set container configuration: InlinePtr #cards 5 size 8 Array Of Cards #cards 12 size 40 Howl #buckets 4 coarsen threshold 1843 Howl Bitmap #cards 512 size 80 coarsen threshold 460 Card regions per heap region 1 cards per card region 2048
 CPUs: 12 total, 12 available
 Memory: 7916M
 Large Page Support: Disabled
 NUMA Support: Disabled
 Compressed Oops: Enabled (32-bit)
 Heap Region Size: 1M
 Heap Min Capacity: 256M
 Heap Initial Capacity: 256M
 Heap Max Capacity: 512M
 Pre-touch: Disabled
 Parallel Workers: 10
 Concurrent Workers: 3
 Concurrent Refinement Workers: 10
 Periodic GC: Disabled
Heap:
 garbage-first heap   total 262144K, used 112083K [0x00000000e0000000, 0x0000000100000000)
  region size 1024K, 95 young (97280K), 16 survivors (16384K)
 Metaspace       used 43614K, committed 45184K, reserved 393216K
  class space    used 6170K, committed 6976K, reserved 327680K
GC Heap History (10 events):
Event: 8.229 GC heap before
{Heap before GC invocations=0 (full 0):
 garbage-first heap   total 262144K, used 23552K [0x00000000e0000000, 0x0000000100000000)
  region size 1024K, 23 young (23552K), 0 survivors (0K)
 Metaspace       used 1062K, committed 1216K, reserved 393216K
  class space    used 77K, committed 128K, reserved 327680K
}
Event: 8.515 GC heap after
{Heap after GC invocations=1 (full 0):
 garbage-first heap   total 262144K, used 1983K [0x00000000e0000000, 0x0000000100000000)
  region size 1024K, 2 young (2048K), 2 survivors (2048K)
 Metaspace       used 1062K, committed 1216K, reserved 393216K
  class space    used 77K, committed 128K, reserved 327680K
}
Event: 45.589 GC heap before
{Heap before GC invocations=1 (full 0):
 garbage-first heap   total 262144K, used 39871K [0x00000000e0000000, 0x0000000100000000)
  region size 1024K, 37 young (37888K), 2 survivors (2048K)
 Metaspace       used 4438K, committed 4608K, reserved 393216K
  class space    used 541K, committed 640K, reserved 327680K
}
Event: 45.621 GC heap after
{Heap after GC invocations=2 (full 0):
 garbage-first heap   total 262144K, used 11099K [0x00000000e0000000, 0x0000000100000000)
  region size 1024K, 5 young (5120K), 5 survivors (5120K)
 Metaspace       used 4438K, committed 4608K, reserved 393216K
  class space    used 541K, committed 640K, reserved 327680K
}
Event: 93.733 GC heap before
{Heap before GC invocations=2 (full 0):
 garbage-first heap   total 262144K, used 58203K [0x00000000e0000000, 0x0000000100000000)
  region size 1024K, 50 young (51200K), 5 survivors (5120K)
 Metaspace       used 4721K, committed 4928K, reserved 393216K
  class space    used 587K, committed 704K, reserved 327680K
}
Event: 93.776 GC heap after
{Heap after GC invocations=3 (full 0):
 garbage-first heap   total 262144K, used 16318K [0x00000000e0000000, 0x0000000100000000)
  region size 1024K, 7 young (7168K), 7 survivors (7168K)
 Metaspace       used 4721K, committed 4928K, reserved 393216K
  class space    used 587K, committed 704K, reserved 327680K
}
Event: 144.673 GC heap before
{Heap before GC invocations=3 (full 0):
 garbage-first heap   total 262144K, used 114622K [0x00000000e0000000, 0x0000000100000000)
  region size 1024K, 104 young (106496K), 7 survivors (7168K)
 Metaspace       used 20852K, committed 21504K, reserved 393216K
  class space    used 2953K, committed 3264K, reserved 327680K
}
Event: 145.029 GC heap after
{Heap after GC invocations=4 (full 0):
 garbage-first heap   total 262144K, used 23607K [0x00000000e0000000, 0x0000000100000000)
  region size 1024K, 15 young (15360K), 15 survivors (15360K)
 Metaspace       used 20852K, committed 21504K, reserved 393216K
  class space    used 2953K, committed 3264K, reserved 327680K
}
Event: 182.735 GC heap before
{Heap before GC invocations=5 (full 0):
 garbage-first heap   total 262144K, used 153655K [0x00000000e0000000, 0x0000000100000000)
  region size 1024K, 142 young (145408K), 15 survivors (15360K)
 Metaspace       used 35110K, committed 36160K, reserved 393216K
  class space    used 4740K, committed 5248K, reserved 327680K
}
Event: 182.899 GC heap after
{Heap after GC invocations=6 (full 0):
 garbage-first heap   total 262144K, used 32211K [0x00000000e0000000, 0x0000000100000000)
  region size 1024K, 16 young (16384K), 16 survivors (16384K)
 Metaspace       used 35110K, committed 36160K, reserved 393216K
  class space    used 4740K, committed 5248K, reserved 327680K
}

