# JRE version: Java(TM) SE Runtime Environment (21.0.10+8) (build 21.0.10+8-LTS-217)
# Java VM: Java HotSpot(TM) 64-Bit Server VM (21.0.10+8-LTS-217, mixed mode, sharing, tiered, compressed oops, compressed class ptrs, g1 gc, windows-amd64)
GC Precious Log:
 CardTable entry size: 512
 Card Set container configuration: InlinePtr #cards 5 size 8 Array Of Cards #cards 12 size 40 Howl #buckets 4 coarsen threshold 1843 Howl Bitmap #cards 512 size 80 coarsen threshold 460 Card regions per heap region 1 cards per card region 2048
 CPUs: 12 total, 12 available
 Memory: 7916M
 Large Page Support: Disabled
 NUMA Support: Disabled
 Compressed Oops: Enabled (32-bit)
 Heap Region Size: 1M
 Heap Min Capacity: 256M
 Heap Initial Capacity: 256M
 Heap Max Capacity: 512M
 Pre-touch: Disabled
 Parallel Workers: 10
 Concurrent Workers: 3
 Concurrent Refinement Workers: 10
 Periodic GC: Disabled
Heap:
 garbage-first heap   total 262144K, used 83862K [0x00000000e0000000, 0x0000000100000000)
  region size 1024K, 61 young (62464K), 15 survivors (15360K)
 Metaspace       used 52009K, committed 53824K, reserved 393216K
  class space    used 7385K, committed 8256K, reserved 327680K
GC Heap History (16 events):
Event: 1.439 GC heap before
{Heap before GC invocations=0 (full 0):
 garbage-first heap   total 262144K, used 23552K [0x00000000e0000000, 0x0000000100000000)
  region size 1024K, 23 young (23552K), 0 survivors (0K)
 Metaspace       used 913K, committed 1024K, reserved 393216K
  class space    used 70K, committed 128K, reserved 327680K
}
Event: 1.462 GC heap after
{Heap after GC invocations=1 (full 0):
 garbage-first heap   total 262144K, used 1450K [0x00000000e0000000, 0x0000000100000000)
  region size 1024K, 2 young (2048K), 2 survivors (2048K)
 Metaspace       used 913K, committed 1024K, reserved 393216K
  class space    used 70K, committed 128K, reserved 327680K
}
Event: 50.256 GC heap before
{Heap before GC invocations=1 (full 0):
 garbage-first heap   total 262144K, used 39338K [0x00000000e0000000, 0x0000000100000000)
  region size 1024K, 37 young (37888K), 2 survivors (2048K)
 Metaspace       used 4408K, committed 4608K, reserved 393216K
  class space    used 541K, committed 640K, reserved 327680K
}
Event: 50.312 GC heap after
{Heap after GC invocations=2 (full 0):
 garbage-first heap   total 262144K, used 10822K [0x00000000e0000000, 0x0000000100000000)
  region size 1024K, 5 young (5120K), 5 survivors (5120K)
 Metaspace       used 4408K, committed 4608K, reserved 393216K
  class space    used 541K, committed 640K, reserved 327680K
}
Event: 107.114 GC heap before
{Heap before GC invocations=2 (full 0):
 garbage-first heap   total 262144K, used 55878K [0x00000000e0000000, 0x0000000100000000)
  region size 1024K, 48 young (49152K), 5 survivors (5120K)
 Metaspace       used 4619K, committed 4800K, reserved 393216K
  class space    used 563K, committed 640K, reserved 327680K
}
Event: 107.144 GC heap after
{Heap after GC invocations=3 (full 0):
 garbage-first heap   total 262144K, used 16179K [0x00000000e0000000, 0x0000000100000000)
  region size 1024K, 5 young (5120K), 5 survivors (5120K)
 Metaspace       used 4619K, committed 4800K, reserved 393216K
  class space    used 563K, committed 640K, reserved 327680K
}
Event: 186.006 GC heap before
{Heap before GC invocations=3 (full 0):
 garbage-first heap   total 262144K, used 117555K [0x00000000e0000000, 0x0000000100000000)
  region size 1024K, 105 young (107520K), 5 survivors (5120K)
 Metaspace       used 20861K, committed 21504K, reserved 393216K
  class space    used 2956K, committed 3264K, reserved 327680K
}
Event: 186.089 GC heap after
{Heap after GC invocations=4 (full 0):
 garbage-first heap   total 262144K, used 24051K [0x00000000e0000000, 0x0000000100000000)
  region size 1024K, 12 young (12288K), 12 survivors (12288K)
 Metaspace       used 20861K, committed 21504K, reserved 393216K
  class space    used 2956K, committed 3264K, reserved 327680K
}
Event: 238.633 GC heap before
{Heap before GC invocations=5 (full 0):
 garbage-first heap   total 262144K, used 138739K [0x00000000e0000000, 0x0000000100000000)
  region size 1024K, 121 young (123904K), 12 survivors (12288K)
 Metaspace       used 35193K, committed 36288K, reserved 393216K
  class space    used 4804K, committed 5376K, reserved 327680K
}
Event: 238.749 GC heap after
{Heap after GC invocations=6 (full 0):
 garbage-first heap   total 262144K, used 32990K [0x00000000e0000000, 0x0000000100000000)
  region size 1024K, 17 young (17408K), 17 survivors (17408K)
 Metaspace       used 35193K, committed 36288K, reserved 393216K
  class space    used 4804K, committed 5376K, reserved 327680K
}
Event: 239.702 GC heap before
{Heap before GC invocations=6 (full 0):
 garbage-first heap   total 262144K, used 35038K [0x00000000e0000000, 0x0000000100000000)
  region size 1024K, 20 young (20480K), 17 survivors (17408K)
 Metaspace       used 35491K, committed 36608K, reserved 393216K
  class space    used 4858K, committed 5440K, reserved 327680K
}
Event: 239.735 GC heap after
{Heap after GC invocations=7 (full 0):
 garbage-first heap   total 262144K, used 32645K [0x00000000e0000000, 0x0000000100000000)
  region size 1024K, 9 young (9216K), 9 survivors (9216K)
 Metaspace       used 35491K, committed 36608K, reserved 393216K
  class space    used 4858K, committed 5440K, reserved 327680K
}
Event: 240.455 GC heap before
{Heap before GC invocations=7 (full 0):
 garbage-first heap   total 262144K, used 34693K [0x00000000e0000000, 0x0000000100000000)
  region size 1024K, 12 young (12288K), 9 survivors (9216K)
 Metaspace       used 35820K, committed 36928K, reserved 393216K
  class space    used 4915K, committed 5504K, reserved 327680K
}
Event: 240.483 GC heap after
{Heap after GC invocations=8 (full 0):
 garbage-first heap   total 262144K, used 32396K [0x00000000e0000000, 0x0000000100000000)
  region size 1024K, 9 young (9216K), 9 survivors (9216K)
 Metaspace       used 35820K, committed 36928K, reserved 393216K
  class space    used 4915K, committed 5504K, reserved 327680K
}
Event: 299.440 GC heap before
{Heap before GC invocations=9 (full 0):
 garbage-first heap   total 262144K, used 180876K [0x00000000e0000000, 0x0000000100000000)
  region size 1024K, 153 young (156672K), 9 survivors (9216K)
 Metaspace       used 49801K, committed 51584K, reserved 393216K
  class space    used 7031K, committed 7936K, reserved 327680K
}
Event: 299.546 GC heap after
{Heap after GC invocations=10 (full 0):
 garbage-first heap   total 262144K, used 38806K [0x00000000e0000000, 0x0000000100000000)
  region size 1024K, 15 young (15360K), 15 survivors (15360K)
 Metaspace       used 49801K, committed 51584K, reserved 393216K
  class space    used 7031K, committed 7936K, reserved 327680K
}

