# JRE version: Java(TM) SE Runtime Environment (21.0.10+8) (build 21.0.10+8-LTS-217)
# Java VM: Java HotSpot(TM) 64-Bit Server VM (21.0.10+8-LTS-217, mixed mode, sharing, tiered, compressed oops, compressed class ptrs, g1 gc, windows-amd64)
GC Precious Log:
 CardTable entry size: 512
 Card Set container configuration: InlinePtr #cards 5 size 8 Array Of Cards #cards 12 size 40 Howl #buckets 4 coarsen threshold 1843 Howl Bitmap #cards 512 size 80 coarsen threshold 460 Card regions per heap region 1 cards per card region 2048
 CPUs: 12 total, 12 available
 Memory: 7916M
 Large Page Support: Disabled
 NUMA Support: Disabled
 Compressed Oops: Enabled (32-bit)
 Heap Region Size: 1M
 Heap Min Capacity: 256M
 Heap Initial Capacity: 256M
 Heap Max Capacity: 512M
 Pre-touch: Disabled
 Parallel Workers: 10
 Concurrent Workers: 3
 Concurrent Refinement Workers: 10
 Periodic GC: Disabled
Heap:
 garbage-first heap   total 262144K, used 100740K [0x00000000e0000000, 0x0000000100000000)
  region size 1024K, 70 young (71680K), 6 survivors (6144K)
 Metaspace       used 50557K, committed 52288K, reserved 393216K
  class space    used 7156K, committed 8000K, reserved 327680K
GC Heap History (12 events):
Event: 6.479 GC heap before
{Heap before GC invocations=0 (full 0):
 garbage-first heap   total 262144K, used 23552K [0x00000000e0000000, 0x0000000100000000)
  region size 1024K, 23 young (23552K), 0 survivors (0K)
 Metaspace       used 915K, committed 1024K, reserved 393216K
  class space    used 70K, committed 128K, reserved 327680K
}
Event: 6.836 GC heap after
{Heap after GC invocations=1 (full 0):
 garbage-first heap   total 262144K, used 1450K [0x00000000e0000000, 0x0000000100000000)
  region size 1024K, 2 young (2048K), 2 survivors (2048K)
 Metaspace       used 915K, committed 1024K, reserved 393216K
  class space    used 70K, committed 128K, reserved 327680K
}
Event: 37.886 GC heap before
{Heap before GC invocations=1 (full 0):
 garbage-first heap   total 262144K, used 40362K [0x00000000e0000000, 0x0000000100000000)
  region size 1024K, 38 young (38912K), 2 survivors (2048K)
 Metaspace       used 4406K, committed 4608K, reserved 393216K
  class space    used 540K, committed 640K, reserved 327680K
}
Event: 37.909 GC heap after
{Heap after GC invocations=2 (full 0):
 garbage-first heap   total 262144K, used 11187K [0x00000000e0000000, 0x0000000100000000)
  region size 1024K, 5 young (5120K), 5 survivors (5120K)
 Metaspace       used 4406K, committed 4608K, reserved 393216K
  class space    used 540K, committed 640K, reserved 327680K
}
Event: 101.698 GC heap before
{Heap before GC invocations=2 (full 0):
 garbage-first heap   total 262144K, used 66483K [0x00000000e0000000, 0x0000000100000000)
  region size 1024K, 57 young (58368K), 5 survivors (5120K)
 Metaspace       used 5796K, committed 5952K, reserved 393216K
  class space    used 746K, committed 832K, reserved 327680K
}
Event: 101.748 GC heap after
{Heap after GC invocations=3 (full 0):
 garbage-first heap   total 262144K, used 17718K [0x00000000e0000000, 0x0000000100000000)
  region size 1024K, 8 young (8192K), 8 survivors (8192K)
 Metaspace       used 5796K, committed 5952K, reserved 393216K
  class space    used 746K, committed 832K, reserved 327680K
}
Event: 170.405 GC heap before
{Heap before GC invocations=3 (full 0):
 garbage-first heap   total 262144K, used 109878K [0x00000000e0000000, 0x0000000100000000)
  region size 1024K, 99 young (101376K), 8 survivors (8192K)
 Metaspace       used 20877K, committed 21504K, reserved 393216K
  class space    used 2951K, committed 3264K, reserved 327680K
}
Event: 170.560 GC heap after
{Heap after GC invocations=4 (full 0):
 garbage-first heap   total 262144K, used 24531K [0x00000000e0000000, 0x0000000100000000)
  region size 1024K, 15 young (15360K), 15 survivors (15360K)
 Metaspace       used 20877K, committed 21504K, reserved 393216K
  class space    used 2951K, committed 3264K, reserved 327680K
}
Event: 234.533 GC heap before
{Heap before GC invocations=5 (full 0):
 garbage-first heap   total 262144K, used 153555K [0x00000000e0000000, 0x0000000100000000)
  region size 1024K, 141 young (144384K), 15 survivors (15360K)
 Metaspace       used 34925K, committed 35968K, reserved 393216K
  class space    used 4701K, committed 5248K, reserved 327680K
}
Event: 234.720 GC heap after
{Heap after GC invocations=6 (full 0):
 garbage-first heap   total 262144K, used 32243K [0x00000000e0000000, 0x0000000100000000)
  region size 1024K, 19 young (19456K), 19 survivors (19456K)
 Metaspace       used 34925K, committed 35968K, reserved 393216K
  class space    used 4701K, committed 5248K, reserved 327680K
}
Event: 282.223 GC heap before
{Heap before GC invocations=7 (full 0):
 garbage-first heap   total 262144K, used 121331K [0x00000000e0000000, 0x0000000100000000)
  region size 1024K, 101 young (103424K), 19 survivors (19456K)
 Metaspace       used 44692K, committed 46208K, reserved 393216K
  class space    used 6213K, committed 6976K, reserved 327680K
}
Event: 282.354 GC heap after
{Heap after GC invocations=8 (full 0):
 garbage-first heap   total 262144K, used 36228K [0x00000000e0000000, 0x0000000100000000)
  region size 1024K, 6 young (6144K), 6 survivors (6144K)
 Metaspace       used 44692K, committed 46208K, reserved 393216K
  class space    used 6213K, committed 6976K, reserved 327680K
}

